<?xml version='1.0' encoding='UTF-8'?>
<result>
  <suites>
    <suite>
      <file>C:\projetos\viewerhar\work\jobs\teste\workspace\target\chrome\surefire-reports\TEST-br.com.hotelurbano.tests.suites.SiteTesteProxySuiteTests.xml</file>
      <name>br.com.hotelurbano.tests.suites.SiteTesteProxySuiteTests</name>
      <duration>0.59</duration>
      <cases>
        <case>
          <duration>0.59</duration>
          <className>br.com.hotelurbano.tests.site.compra.HomeTesteProxyTest</className>
          <testName>testHomeTesteProxyTest</testName>
          <skipped>false</skipped>
          <failedSince>0</failedSince>
        </case>
      </cases>
    </suite>
  </suites>
  <duration>0.59</duration>
  <keepLongStdio>false</keepLongStdio>
</result>